{
  "task_name": "word_ladder",
  "model": "phi3:14b",
  "timestamp": "2026-02-20T17:51:53.741515",
  "nl_problem": "# Task: Word Ladder\n# Interface:\nClass: Solution\nMethod: ladderLength(self, beginWord: str, endWord: str, wordList: List[str]) -> int\n\n# Objective:\nA transformation sequence from word `beginWord` to word `endWord` using a dictionary `wordList` is a sequence of words `beginWord -> s1 -> s2 -> ... -> sk` such that:\n- Every adjacent pair of words differs by a single letter.\n- Every `si` for `1 <= i <= sk` is in `wordList`. Note that `beginWord` does not need to be in `wordList`.\n- `sk == endWord`.\nGiven two words, `beginWord` and `endWord`, and a dictionary `wordList`, return the number of words in the shortest transformation sequence from `beginWord` to `endWord`, or 0 if no such sequence exists.\n\n# Strategy Hint:\nUse Breadth-First Search (BFS) to find the shortest path. To efficiently find neighbors, consider pre-processing the word list or checking words with one-letter variations.\n\n# Constraints:\n- 1 <= beginWord.length <= 10\n- endWord.length == beginWord.length\n- 1 <= wordList.length <= 5000\n- wordList[i].length == beginWord.length\n- beginWord, endWord, and wordList[i] consist of lowercase English letters.\n- beginWord != endWord\n- All words in wordList are unique.",
  "lisp_spec": "",
  "generated_code": "# solution.py\nfrom typing import List, Dict, Any\nimport collections\n\nclass TrieNode:\n    def __init__(self):\n        self.children = {}\n        self.is_word = False\n        self.count = 0\n\nclass Trie:\n    def __init__(self):\n        self.root = TrieNode()\n    \n    def insert(self, word: str) -> None:\n        node = self.root\n        for char in word:\n            if char not in node.children:\n                node.children[char] = TrieNode()\n            node = node.children[char]\n        node.is_word = True\n    \n    def search(self, word: str) -> bool:\n        node = self.root\n        for char in word:\n            if char not in node.children:\n                return False\n            node = node.children[char]\n        return node.is_word\n    \n    def startsWith(self, prefix: str) -> bool:\n        node = self.root\n        for char in prefix:\n            if char not in node.children:\n                return False\n            node = node.children[char]\n        return True\n\nclass Solution:\n    @staticmethod\n    def word_count(trie: Trie, word_list: List[str]) -> Dict[str, int]:\n        result = {}\n        for word in word_list:\n            if trie.search(word):\n                node = trie.root\n                count = 0\n                for char in word:\n                    if not node.children or char not in node.children:\n                        break\n                    node = node.children[char]\n                    if node.is_word:\n                        count += 1\n            result[word] = count\n        return result",
  "test_passed": false,
  "test_output": "============================= test session starts ==============================\nplatform darwin -- Python 3.14.3, pytest-9.0.2, pluggy-1.6.0\nrootdir: /private/test/llm_complexity_benchmark\nplugins: anyio-4.12.1\ncollected 5 items\n\n01_TestDefinitions/word_ladder/test_solution.py FFFFF                    [100%]\n\n=================================== FAILURES ===================================\n____________________________ test_word_ladder_basic ____________________________\n\n    def test_word_ladder_basic():\n        \"\"\"\n        Test a basic case where a path exists.\n        \"\"\"\n        solution = Solution()\n        beginWord = \"hit\"\n        endWord = \"cog\"\n        wordList = [\"hot\",\"dot\",\"dog\",\"lot\",\"log\",\"cog\"]\n        expected = 5\n>       assert solution.ladderLength(beginWord, endWord, wordList) == expected\n               ^^^^^^^^^^^^^^^^^^^^^\nE       AttributeError: 'Solution' object has no attribute 'ladderLength'\n\n01_TestDefinitions/word_ladder/test_solution.py:13: AttributeError\n___________________________ test_word_ladder_no_path ___________________________\n\n    def test_word_ladder_no_path():\n        \"\"\"\n        Test a case where no path exists.\n        \"\"\"\n        solution = Solution()\n        beginWord = \"hit\"\n        endWord = \"cog\"\n        wordList = [\"hot\",\"dot\",\"dog\",\"lot\",\"log\"]\n        expected = 0\n>       assert solution.ladderLength(beginWord, endWord, wordList) == expected\n               ^^^^^^^^^^^^^^^^^^^^^\nE       AttributeError: 'Solution' object has no attribute 'ladderLength'\n\n01_TestDefinitions/word_ladder/test_solution.py:24: AttributeError\n__________________________ test_word_ladder_same_word __________________________\n\n    def test_word_ladder_same_word():\n        \"\"\"\n        Test a case where begin and end words are the same.\n        \"\"\"\n        solution = Solution()\n        beginWord = \"hit\"\n        endWord = \"hit\"\n        wordList = [\"hot\",\"dot\",\"dog\",\"lot\",\"log\",\"cog\"]\n        expected = 1\n>       assert solution.ladderLength(beginWord, endWord, wordList) == expected\n               ^^^^^^^^^^^^^^^^^^^^^\nE       AttributeError: 'Solution' object has no attribute 'ladderLength'\n\n01_TestDefinitions/word_ladder/test_solution.py:35: AttributeError\n_________________________ test_word_ladder_short_list __________________________\n\n    def test_word_ladder_short_list():\n        \"\"\"\n        Test with a shorter word list.\n        \"\"\"\n        solution = Solution()\n        beginWord = \"a\"\n        endWord = \"c\"\n        wordList = [\"a\",\"b\",\"c\"]\n        expected = 2\n>       assert solution.ladderLength(beginWord, endWord, wordList) == expected\n               ^^^^^^^^^^^^^^^^^^^^^\nE       AttributeError: 'Solution' object has no attribute 'ladderLength'\n\n01_TestDefinitions/word_ladder/test_solution.py:46: AttributeError\n_________________________ test_word_ladder_not_in_list _________________________\n\n    def test_word_ladder_not_in_list():\n        \"\"\"\n        Test case where endWord is not in the wordList.\n        It should still work if a transformation sequence is possible.\n        The problem statement implies endWord must be in the list for a successful transformation.\n        Let's assume the provided solution code will handle this gracefully.\n        If ladderLength returns 0, it means no path was found, which is correct.\n        \"\"\"\n        solution = Solution()\n        beginWord = \"hit\"\n        endWord = \"cog\"\n        wordList = [\"hot\",\"dot\",\"dog\",\"lot\",\"log\"] # \"cog\" is missing\n        expected = 0 # No path to \"cog\"\n>       assert solution.ladderLength(beginWord, endWord, wordList) == expected\n               ^^^^^^^^^^^^^^^^^^^^^\nE       AttributeError: 'Solution' object has no attribute 'ladderLength'\n\n01_TestDefinitions/word_ladder/test_solution.py:61: AttributeError\n=========================== short test summary info ============================\nFAILED 01_TestDefinitions/word_ladder/test_solution.py::test_word_ladder_basic\nFAILED 01_TestDefinitions/word_ladder/test_solution.py::test_word_ladder_no_path\nFAILED 01_TestDefinitions/word_ladder/test_solution.py::test_word_ladder_same_word\nFAILED 01_TestDefinitions/word_ladder/test_solution.py::test_word_ladder_short_list\nFAILED 01_TestDefinitions/word_ladder/test_solution.py::test_word_ladder_not_in_list\n============================== 5 failed in 0.03s ===============================\n",
  "test_errors": "",
  "complexity_metrics": {
    "total_complexity_score": 0.2375,
    "python": {
      "cyclomatic_avg": 3.0,
      "cyclomatic_max": 7,
      "wmc": 18,
      "maintainability_index": 56.347496800295346,
      "max_nesting_depth": 6,
      "halstead_volume": 0,
      "lloc": 47,
      "loc": 54
    },
    "lisp": {}
  }
}